2019-03-11 0:19:23 - PHP Notice:  Undefined variable: filter_status in /home/d/dimani6q/autoshop/public_html/admin/view/template/extension/module/homefilter.tpl on line 32
2019-03-11 0:21:54 - PHP Notice:  Undefined variable: filter_status in /home/d/dimani6q/autoshop/public_html/admin/view/template/extension/module/homefilter.tpl on line 32
2019-03-11 13:05:28 - PHP Notice:  Undefined index: sort_order in /home/d/dimani6q/autoshop/public_html/catalog/controller/extension/module/homefilter.php on line 58
2019-03-11 13:05:28 - PHP Notice:  Undefined index: ex in /home/d/dimani6q/autoshop/public_html/catalog/controller/extension/module/homefilter.php on line 59
2019-03-11 13:05:28 - PHP Notice:  Undefined index: sort_order in /home/d/dimani6q/autoshop/public_html/catalog/controller/extension/module/homefilter.php on line 58
2019-03-11 13:05:28 - PHP Notice:  Undefined index: ex in /home/d/dimani6q/autoshop/public_html/catalog/controller/extension/module/homefilter.php on line 59
2019-03-11 13:05:28 - PHP Notice:  Undefined index: sort_order in /home/d/dimani6q/autoshop/public_html/catalog/controller/extension/module/homefilter.php on line 58
2019-03-11 13:05:28 - PHP Notice:  Undefined index: ex in /home/d/dimani6q/autoshop/public_html/catalog/controller/extension/module/homefilter.php on line 59
2019-03-11 13:16:35 - PHP Notice:  Undefined index: sort_order in /home/d/dimani6q/autoshop/public_html/catalog/controller/extension/module/homefilter.php on line 57
2019-03-11 13:16:35 - PHP Notice:  Undefined index: sort_order in /home/d/dimani6q/autoshop/public_html/catalog/controller/extension/module/homefilter.php on line 57
2019-03-11 13:16:35 - PHP Notice:  Undefined index: sort_order in /home/d/dimani6q/autoshop/public_html/catalog/controller/extension/module/homefilter.php on line 57
2019-03-11 13:27:20 - PHP Notice:  Undefined index: sort_order in /home/d/dimani6q/autoshop/public_html/catalog/controller/extension/module/homefilter.php on line 57
2019-03-11 13:27:20 - PHP Notice:  Undefined index: sort_order in /home/d/dimani6q/autoshop/public_html/catalog/controller/extension/module/homefilter.php on line 57
2019-03-11 13:27:20 - PHP Notice:  Undefined index: sort_order in /home/d/dimani6q/autoshop/public_html/catalog/controller/extension/module/homefilter.php on line 57
2019-03-18 13:44:20 - PHP Notice:  Undefined variable: class in /home/d/dimani6q/autoshop/public_html/catalog/view/theme/default/template/account/login.tpl on line 15
2019-03-18 13:54:03 - PHP Notice:  Undefined variable: class in /home/d/dimani6q/autoshop/public_html/catalog/view/theme/default/template/account/login.tpl on line 14
2019-03-18 13:54:51 - PHP Notice:  Undefined variable: class in /home/d/dimani6q/autoshop/public_html/catalog/view/theme/default/template/account/login.tpl on line 15
2019-03-18 14:00:48 - PHP Notice:  Undefined variable: class in /home/d/dimani6q/autoshop/public_html/catalog/view/theme/default/template/account/login.tpl on line 15
2019-03-18 14:17:23 - PHP Notice:  Undefined variable: class in /home/d/dimani6q/autoshop/public_html/catalog/view/theme/default/template/account/login.tpl on line 15
2019-03-18 14:47:12 - PHP Notice:  Undefined variable: class in /home/d/dimani6q/autoshop/public_html/catalog/view/theme/default/template/account/login.tpl on line 15
2019-03-18 14:51:08 - PHP Notice:  Undefined variable: class in /home/d/dimani6q/autoshop/public_html/catalog/view/theme/default/template/account/login.tpl on line 15
2019-03-18 16:11:01 - PHP Notice:  Undefined index: payment_method in /home/d/dimani6q/autoshop/public_html/catalog/controller/extension/payment/cod.php on line 14
2019-03-21 19:22:03 - PHP Notice:  Undefined variable: class in /home/d/dimani6q/autoshop/public_html/catalog/view/theme/default/template/account/login.tpl on line 15
2019-03-21 19:22:25 - PHP Notice:  Undefined variable: class in /home/d/dimani6q/autoshop/public_html/catalog/view/theme/default/template/account/login.tpl on line 15
2019-03-22 20:41:25 - PHP Notice:  Undefined variable: class in /home/d/dimani6q/autoshop/public_html/catalog/view/theme/default/template/account/login.tpl on line 15
2019-03-22 20:41:27 - PHP Notice:  Undefined variable: class in /home/d/dimani6q/autoshop/public_html/catalog/view/theme/default/template/account/login.tpl on line 15
2019-03-24 19:57:53 - PHP Notice:  Undefined variable: class in /home/d/dimani6q/autoshop/public_html/catalog/view/theme/default/template/account/login.tpl on line 15
2019-03-24 20:08:38 - PHP Notice:  Undefined variable: class in /home/d/dimani6q/autoshop/public_html/catalog/view/theme/default/template/account/login.tpl on line 15
2019-03-26 12:17:03 - PHP Notice:  Undefined variable: class in /home/d/dimani6q/autoshop/public_html/catalog/view/theme/default/template/account/login.tpl on line 15
2019-03-26 22:26:11 - PHP Notice:  Undefined variable: class in /home/d/dimani6q/autoshop/public_html/catalog/view/theme/default/template/account/login.tpl on line 15
2019-03-28 11:57:12 - PHP Notice:  Undefined variable: class in /home/d/dimani6q/autoshop/public_html/catalog/view/theme/default/template/account/login.tpl on line 15
2019-03-28 15:03:33 - PHP Notice:  Undefined variable: class in /home/d/dimani6q/autoshop/public_html/catalog/view/theme/default/template/account/login.tpl on line 15
2019-03-30 21:37:13 - PHP Notice:  Undefined variable: class in /home/d/dimani2j/autoshop/public_html/catalog/view/theme/default/template/account/login.tpl on line 15
2019-03-31 10:59:45 - PHP Notice:  Undefined variable: class in /home/d/dimani2j/autoshop/public_html/catalog/view/theme/default/template/account/login.tpl on line 15
2019-03-31 12:08:08 - PHP Notice:  Undefined variable: class in /home/d/dimani2j/autoshop/public_html/catalog/view/theme/default/template/account/login.tpl on line 15
2019-03-31 19:04:33 - PHP Notice:  Undefined variable: class in /home/d/dimani2j/autoshop/public_html/catalog/view/theme/default/template/account/login.tpl on line 15
2019-03-31 19:04:40 - PHP Notice:  Undefined variable: class in /home/d/dimani2j/autoshop/public_html/catalog/view/theme/default/template/account/login.tpl on line 15
2019-04-06 20:33:32 - PHP Notice:  Undefined variable: class in /home/d/dimani2j/autoshop/public_html/catalog/view/theme/default/template/account/login.tpl on line 15
2019-04-06 20:41:10 - PHP Notice:  Undefined variable: class in /home/d/dimani2j/autoshop/public_html/catalog/view/theme/default/template/account/login.tpl on line 15
